0 info it worked if it ends with ok
1 verbose cli [ '/usr/local/Cellar/node/6.2.1/bin/node',
1 verbose cli   '/usr/local/bin/npm',
1 verbose cli   'install',
1 verbose cli   '--save',
1 verbose cli   'react-addons-pure-render-mixin' ]
2 info using npm@3.9.3
3 info using node@v6.2.1
4 silly loadCurrentTree Starting
5 silly install loadCurrentTree
6 silly install readLocalPackageData
7 silly fetchPackageMetaData react-addons-pure-render-mixin
8 silly fetchNamedPackageData react-addons-pure-render-mixin
9 silly mapToRegistry name react-addons-pure-render-mixin
10 silly mapToRegistry using default registry
11 silly mapToRegistry registry https://registry.npmjs.org/
12 silly mapToRegistry data Result {
12 silly mapToRegistry   raw: 'react-addons-pure-render-mixin',
12 silly mapToRegistry   scope: null,
12 silly mapToRegistry   name: 'react-addons-pure-render-mixin',
12 silly mapToRegistry   rawSpec: '',
12 silly mapToRegistry   spec: 'latest',
12 silly mapToRegistry   type: 'tag' }
13 silly mapToRegistry uri https://registry.npmjs.org/react-addons-pure-render-mixin
14 verbose request uri https://registry.npmjs.org/react-addons-pure-render-mixin
15 verbose request no auth needed
16 info attempt registry request try #1 at 13:51:50
17 verbose request id 7e49f805eced3fe0
18 http request GET https://registry.npmjs.org/react-addons-pure-render-mixin
19 info retry will retry, error on last attempt: Error: read ETIMEDOUT
20 info attempt registry request try #2 at 13:54:50
21 http request GET https://registry.npmjs.org/react-addons-pure-render-mixin
22 info retry will retry, error on last attempt: Error: read ETIMEDOUT
23 info attempt registry request try #3 at 13:59:00
24 http request GET https://registry.npmjs.org/react-addons-pure-render-mixin
25 silly fetchPackageMetaData Error: read ETIMEDOUT
25 silly fetchPackageMetaData     at exports._errnoException (util.js:1007:11)
25 silly fetchPackageMetaData     at TLSWrap.onread (net.js:563:26)
25 silly fetchPackageMetaData  error for react-addons-pure-render-mixin { Error: read ETIMEDOUT
25 silly fetchPackageMetaData     at exports._errnoException (util.js:1007:11)
25 silly fetchPackageMetaData     at TLSWrap.onread (net.js:563:26) code: 'ETIMEDOUT', errno: 'ETIMEDOUT', syscall: 'read' }
26 silly rollbackFailedOptional Starting
27 silly rollbackFailedOptional Finishing
28 silly runTopLevelLifecycles Starting
29 silly runTopLevelLifecycles Finishing
30 silly install printInstalled
31 verbose stack Error: read ETIMEDOUT
31 verbose stack     at exports._errnoException (util.js:1007:11)
31 verbose stack     at TLSWrap.onread (net.js:563:26)
32 verbose cwd /Users/mac/Documents/workspace/cehu
33 error Darwin 14.5.0
34 error argv "/usr/local/Cellar/node/6.2.1/bin/node" "/usr/local/bin/npm" "install" "--save" "react-addons-pure-render-mixin"
35 error node v6.2.1
36 error npm  v3.9.3
37 error code ETIMEDOUT
38 error errno ETIMEDOUT
39 error syscall read
40 error network read ETIMEDOUT
41 error network This is most likely not a problem with npm itself
41 error network and is related to network connectivity.
41 error network In most cases you are behind a proxy or have bad network settings.
41 error network
41 error network If you are behind a proxy, please make sure that the
41 error network 'proxy' config is set properly.  See: 'npm help config'
42 verbose exit [ 1, true ]
